<?xml version="1.0" encoding="UTF-8"?>
<QCARConfig xmlns:xsi="http://www.w3.org/2001/XMLSchema-instance" xsi:noNamespaceSchemaLocation="qcar_config.xsd">
  <Tracking>
    <ImageTarget name="target_image" size="1200.000000 1600.000000" />
    <ImageTarget name="heart" size="173.000000 173.000000" />
  </Tracking>
</QCARConfig>
